1598188733010	geckodriver	INFO	Listening on 127.0.0.1:50642
1598188736065	mozrunner::runner	INFO	Running command: "C:\\Program Files\\Mozilla Firefox\\firefox.exe" "--marionette" "-foreground" "-no-remote" "-profile" "C:\\Users\\nmchm\\AppData\\Local\\Temp\\rust_mozprofileDmUqOf"
JavaScript error: resource://gre/modules/XULStore.jsm, line 66: Error: Can't find profile directory.
console.error: SearchCache: "_readCacheFile: Error reading cache file:" (new Error("", "(unknown module)"))
1598188737852	Marionette	INFO	Listening on port 50653
1598188738108	Marionette	WARN	TLS certificate errors will be ignored for this session
JavaScript warning: https://s2.demo.opensourcecms.com/orangehrm/scripts/jquery/jquery.js.pagespeed.jm.dnkLq1BuzX.js, line 16: unreachable code after return statement
1598188739386	Marionette	INFO	Stopped listening on port 50653
JavaScript error: resource://gre/modules/UrlClassifierListManager.jsm, line 691: TypeError: this.tablesData[table] is undefined

###!!! [Child][RunMessage] Error: Channel closing: too late to send/recv, messages will be lost


###!!! [Child][MessageChannel::SendAndWait] Error: Channel error: cannot send/recv

1598188873561	geckodriver	INFO	Listening on 127.0.0.1:50729
1598188876660	mozrunner::runner	INFO	Running command: "C:\\Program Files\\Mozilla Firefox\\firefox.exe" "--marionette" "-foreground" "-no-remote" "-profile" "C:\\Users\\nmchm\\AppData\\Local\\Temp\\rust_mozprofileULTJZ7"
JavaScript error: resource://gre/modules/XULStore.jsm, line 66: Error: Can't find profile directory.
console.error: SearchCache: "_readCacheFile: Error reading cache file:" (new Error("", "(unknown module)"))
1598188878212	Marionette	INFO	Listening on port 50738
1598188878698	Marionette	WARN	TLS certificate errors will be ignored for this session
JavaScript warning: https://s2.demo.opensourcecms.com/orangehrm/scripts/jquery/jquery.js.pagespeed.jm.dnkLq1BuzX.js, line 16: unreachable code after return statement
JavaScript warning: https://s2.demo.opensourcecms.com/orangehrm/scripts/jquery/jquery.js, line 16: unreachable code after return statement
JavaScript warning: https://s2.demo.opensourcecms.com/orangehrm/scripts/jquery/jquery.js.pagespeed.jm.dnkLq1BuzX.js, line 16: unreachable code after return statement
1598188882346	Marionette	INFO	Stopped listening on port 50738

###!!! [Child][RunMessage] Error: Channel closing: too late to send/recv, messages will be lost


###!!! [Child][MessageChannel::SendAndWait] Error: Channel error: cannot send/recv

1598189219602	geckodriver	INFO	Listening on 127.0.0.1:50804
1598189222684	mozrunner::runner	INFO	Running command: "C:\\Program Files\\Mozilla Firefox\\firefox.exe" "--marionette" "-foreground" "-no-remote" "-profile" "C:\\Users\\nmchm\\AppData\\Local\\Temp\\rust_mozprofileotXcuV"
JavaScript error: resource://gre/modules/XULStore.jsm, line 66: Error: Can't find profile directory.
console.error: SearchCache: "_readCacheFile: Error reading cache file:" (new Error("", "(unknown module)"))
1598189224319	Marionette	INFO	Listening on port 50812
1598189224718	Marionette	WARN	TLS certificate errors will be ignored for this session
JavaScript warning: https://s2.demo.opensourcecms.com/orangehrm/scripts/jquery/jquery.js.pagespeed.jm.dnkLq1BuzX.js, line 16: unreachable code after return statement
JavaScript warning: https://s2.demo.opensourcecms.com/orangehrm/scripts/jquery/jquery.js, line 16: unreachable code after return statement
JavaScript warning: https://s2.demo.opensourcecms.com/orangehrm/scripts/jquery/jquery.js.pagespeed.jm.dnkLq1BuzX.js, line 16: unreachable code after return statement
1598189230493	Marionette	INFO	Stopped listening on port 50812

###!!! [Child][RunMessage] Error: Channel closing: too late to send/recv, messages will be lost


###!!! [Child][MessageChannel::SendAndWait] Error: Channel error: cannot send/recv

1598189250508	geckodriver	INFO	Listening on 127.0.0.1:50863
1598189253604	mozrunner::runner	INFO	Running command: "C:\\Program Files\\Mozilla Firefox\\firefox.exe" "--marionette" "-foreground" "-no-remote" "-profile" "C:\\Users\\nmchm\\AppData\\Local\\Temp\\rust_mozprofileUryItV"
JavaScript error: resource://gre/modules/XULStore.jsm, line 66: Error: Can't find profile directory.
console.error: SearchCache: "_readCacheFile: Error reading cache file:" (new Error("", "(unknown module)"))
1598189255205	Marionette	INFO	Listening on port 50871
1598189255650	Marionette	WARN	TLS certificate errors will be ignored for this session
JavaScript warning: https://s2.demo.opensourcecms.com/orangehrm/scripts/jquery/jquery.js.pagespeed.jm.dnkLq1BuzX.js, line 16: unreachable code after return statement
JavaScript warning: https://s2.demo.opensourcecms.com/orangehrm/scripts/jquery/jquery.js.pagespeed.jm.dnkLq1BuzX.js, line 16: unreachable code after return statement
JavaScript warning: https://s2.demo.opensourcecms.com/orangehrm/scripts/jquery/jquery.js.pagespeed.jm.dnkLq1BuzX.js, line 16: unreachable code after return statement
1598189261401	Marionette	INFO	Stopped listening on port 50871

###!!! [Child][RunMessage] Error: Channel closing: too late to send/recv, messages will be lost


###!!! [Child][MessageChannel::SendAndWait] Error: Channel error: cannot send/recv

1598189270737	geckodriver	INFO	Listening on 127.0.0.1:50922
1598189273802	mozrunner::runner	INFO	Running command: "C:\\Program Files\\Mozilla Firefox\\firefox.exe" "--marionette" "-foreground" "-no-remote" "-profile" "C:\\Users\\nmchm\\AppData\\Local\\Temp\\rust_mozprofile30rdKq"
JavaScript error: resource://gre/modules/XULStore.jsm, line 66: Error: Can't find profile directory.
console.error: SearchCache: "_readCacheFile: Error reading cache file:" (new Error("", "(unknown module)"))
1598189275459	Marionette	INFO	Listening on port 50931
1598189275841	Marionette	WARN	TLS certificate errors will be ignored for this session
JavaScript warning: https://s2.demo.opensourcecms.com/orangehrm/scripts/jquery/jquery.js.pagespeed.jm.dnkLq1BuzX.js, line 16: unreachable code after return statement
JavaScript warning: https://s2.demo.opensourcecms.com/orangehrm/scripts/jquery/jquery.js.pagespeed.jm.dnkLq1BuzX.js, line 16: unreachable code after return statement
JavaScript warning: https://s2.demo.opensourcecms.com/orangehrm/scripts/jquery/jquery.js.pagespeed.jm.dnkLq1BuzX.js, line 16: unreachable code after return statement
1598189281267	Marionette	INFO	Stopped listening on port 50931

###!!! [Child][RunMessage] Error: Channel closing: too late to send/recv, messages will be lost


###!!! [Child][MessageChannel::SendAndWait] Error: Channel error: cannot send/recv

1598191359893	geckodriver	INFO	Listening on 127.0.0.1:51767
1598191362992	mozrunner::runner	INFO	Running command: "C:\\Program Files\\Mozilla Firefox\\firefox.exe" "--marionette" "-foreground" "-no-remote" "-profile" "C:\\Users\\nmchm\\AppData\\Local\\Temp\\rust_mozprofileYZDlRn"
JavaScript error: resource://gre/modules/XULStore.jsm, line 66: Error: Can't find profile directory.
console.error: SearchCache: "_readCacheFile: Error reading cache file:" (new Error("", "(unknown module)"))
1598191364584	Marionette	INFO	Listening on port 51776
1598191365031	Marionette	WARN	TLS certificate errors will be ignored for this session
JavaScript warning: https://s2.demo.opensourcecms.com/orangehrm/scripts/jquery/jquery.js, line 2425: unreachable code after return statement
JavaScript warning: https://s2.demo.opensourcecms.com/orangehrm/scripts/jquery/jquery.js, line 2425: unreachable code after return statement
JavaScript warning: https://s2.demo.opensourcecms.com/orangehrm/scripts/jquery/jquery.js.pagespeed.jm.dnkLq1BuzX.js, line 16: unreachable code after return statement
1598191370436	Marionette	INFO	Stopped listening on port 51776

###!!! [Child][RunMessage] Error: Channel closing: too late to send/recv, messages will be lost


###!!! [Child][MessageChannel::SendAndWait] Error: Channel error: cannot send/recv

1598197827280	geckodriver	INFO	Listening on 127.0.0.1:53057
1598197830347	mozrunner::runner	INFO	Running command: "C:\\Program Files\\Mozilla Firefox\\firefox.exe" "--marionette" "-foreground" "-no-remote" "-profile" "C:\\Users\\nmchm\\AppData\\Local\\Temp\\rust_mozprofileWzEFDK"
JavaScript error: resource://gre/modules/XULStore.jsm, line 66: Error: Can't find profile directory.
console.error: SearchCache: "_readCacheFile: Error reading cache file:" (new Error("", "(unknown module)"))
1598197831949	Marionette	INFO	Listening on port 53065
1598197832386	Marionette	WARN	TLS certificate errors will be ignored for this session
1598197832417	Marionette	INFO	Stopped listening on port 53065

###!!! [Child][RunMessage] Error: Channel closing: too late to send/recv, messages will be lost


###!!! [Child][MessageChannel::SendAndWait] Error: Channel error: cannot send/recv

